> Task :checkKotlinGradlePluginConfigurationErrors SKIPPED
> Task :processResources UP-TO-DATE

> Task :compileKotlin FAILED
e: file:///C:/Users/asus/Desktop/entrevistaApp/EntrevistaAPPBack/src/main/kotlin/data/repository/cuestionario/PlanPracticaRepository.kt:17:14 'fun FieldSet.select(where: SqlExpressionBuilder.() -> Op<Boolean>): Query' is deprecated. As part of SELECT DSL design changes, this will be removed in future releases.
e: file:///C:/Users/asus/Desktop/entrevistaApp/EntrevistaAPPBack/src/main/kotlin/data/repository/cuestionario/PlanPracticaRepository.kt:24:14 'fun FieldSet.select(where: SqlExpressionBuilder.() -> Op<Boolean>): Query' is deprecated. As part of SELECT DSL design changes, this will be removed in future releases.
e: file:///C:/Users/asus/Desktop/entrevistaApp/EntrevistaAPPBack/src/main/kotlin/data/repository/usuarios/repository-objetivo-carrera.kt:14:14 'fun FieldSet.select(where: SqlExpressionBuilder.() -> Op<Boolean>): Query' is deprecated. As part of SELECT DSL design changes, this will be removed in future releases.

FAILURE: Build failed with an exception.

* What went wrong:
Execution failed for task ':compileKotlin'.
> A failure occurred while executing org.jetbrains.kotlin.compilerRunner.GradleCompilerRunnerWithWorkers$GradleKotlinCompilerWorkAction
   > Compilation error. See log for more details

* Try:
> Run with --stacktrace option to get the stack trace.
> Run with --info or --debug option to get more log output.
> Run with --scan to generate a Build Scan (Powered by Develocity).
> Get more help at https://help.gradle.org.

BUILD FAILED in 2s
2 actionable tasks: 1 executed, 1 up-to-date
