# JRE version: Java(TM) SE Runtime Environment (21.0.9+7) (build 21.0.9+7-LTS-338)
# Java VM: Java HotSpot(TM) 64-Bit Server VM (21.0.9+7-LTS-338, mixed mode, sharing, tiered, compressed oops, compressed class ptrs, g1 gc, windows-amd64)
GC Precious Log:
 CardTable entry size: 512
 Card Set container configuration: InlinePtr #cards 4 size 8 Array Of Cards #cards 32 size 80 Howl #buckets 8 coarsen threshold 7372 Howl Bitmap #cards 1024 size 144 coarsen threshold 921 Card regions per heap region 1 cards per card region 8192
 CPUs: 16 total, 16 available
 Memory: 32388M
 Large Page Support: Disabled
 NUMA Support: Disabled
 Compressed Oops: Enabled (Zero based)
 Heap Region Size: 4M
 Heap Min Capacity: 8M
 Heap Initial Capacity: 508M
 Heap Max Capacity: 8100M
 Pre-touch: Disabled
 Parallel Workers: 13
 Concurrent Workers: 3
 Concurrent Refinement Workers: 13
 Periodic GC: Disabled
Heap:
 garbage-first heap   total 1445888K, used 1109853K [0x0000000605c00000, 0x0000000800000000)
  region size 4096K, 69 young (282624K), 16 survivors (65536K)
 Metaspace       used 83744K, committed 84928K, reserved 1179648K
  class space    used 8994K, committed 9536K, reserved 1048576K
GC Heap History (20 events):
Event: 26.263 GC heap before
{Heap before GC invocations=57 (full 0):
 garbage-first heap   total 860160K, used 755369K [0x0000000605c00000, 0x0000000800000000)
  region size 4096K, 81 young (331776K), 7 survivors (28672K)
 Metaspace       used 82094K, committed 83072K, reserved 1179648K
  class space    used 8823K, committed 9280K, reserved 1048576K
}
Event: 26.277 GC heap after
{Heap after GC invocations=58 (full 0):
 garbage-first heap   total 860160K, used 487919K [0x0000000605c00000, 0x0000000800000000)
  region size 4096K, 10 young (40960K), 10 survivors (40960K)
 Metaspace       used 82094K, committed 83072K, reserved 1179648K
  class space    used 8823K, committed 9280K, reserved 1048576K
}
Event: 27.085 GC heap before
{Heap before GC invocations=58 (full 0):
 garbage-first heap   total 860160K, used 754159K [0x0000000605c00000, 0x0000000800000000)
  region size 4096K, 75 young (307200K), 10 survivors (40960K)
 Metaspace       used 82157K, committed 83136K, reserved 1179648K
  class space    used 8827K, committed 9280K, reserved 1048576K
}
Event: 27.101 GC heap after
{Heap after GC invocations=59 (full 0):
 garbage-first heap   total 860160K, used 513912K [0x0000000605c00000, 0x0000000800000000)
  region size 4096K, 9 young (36864K), 9 survivors (36864K)
 Metaspace       used 82157K, committed 83136K, reserved 1179648K
  class space    used 8827K, committed 9280K, reserved 1048576K
}
Event: 29.114 GC heap before
{Heap before GC invocations=59 (full 0):
 garbage-first heap   total 860160K, used 767864K [0x0000000605c00000, 0x0000000800000000)
  region size 4096K, 71 young (290816K), 9 survivors (36864K)
 Metaspace       used 82475K, committed 83456K, reserved 1179648K
  class space    used 8839K, committed 9280K, reserved 1048576K
}
Event: 29.130 GC heap after
{Heap after GC invocations=60 (full 0):
 garbage-first heap   total 860160K, used 541039K [0x0000000605c00000, 0x0000000800000000)
  region size 4096K, 7 young (28672K), 7 survivors (28672K)
 Metaspace       used 82475K, committed 83456K, reserved 1179648K
  class space    used 8839K, committed 9280K, reserved 1048576K
}
Event: 30.312 GC heap before
{Heap before GC invocations=61 (full 0):
 garbage-first heap   total 962560K, used 774511K [0x0000000605c00000, 0x0000000800000000)
  region size 4096K, 64 young (262144K), 7 survivors (28672K)
 Metaspace       used 83146K, committed 84288K, reserved 1179648K
  class space    used 8963K, committed 9536K, reserved 1048576K
}
Event: 30.327 GC heap after
{Heap after GC invocations=62 (full 0):
 garbage-first heap   total 962560K, used 571592K [0x0000000605c00000, 0x0000000800000000)
  region size 4096K, 8 young (32768K), 8 survivors (32768K)
 Metaspace       used 83146K, committed 84288K, reserved 1179648K
  class space    used 8963K, committed 9536K, reserved 1048576K
}
Event: 31.514 GC heap before
{Heap before GC invocations=62 (full 0):
 garbage-first heap   total 962560K, used 862408K [0x0000000605c00000, 0x0000000800000000)
  region size 4096K, 79 young (323584K), 8 survivors (32768K)
 Metaspace       used 83508K, committed 84672K, reserved 1179648K
  class space    used 8981K, committed 9536K, reserved 1048576K
}
Event: 31.532 GC heap after
{Heap after GC invocations=63 (full 0):
 garbage-first heap   total 962560K, used 601239K [0x0000000605c00000, 0x0000000800000000)
  region size 4096K, 9 young (36864K), 9 survivors (36864K)
 Metaspace       used 83508K, committed 84672K, reserved 1179648K
  class space    used 8981K, committed 9536K, reserved 1048576K
}
Event: 33.258 GC heap before
{Heap before GC invocations=63 (full 0):
 garbage-first heap   total 962560K, used 867479K [0x0000000605c00000, 0x0000000800000000)
  region size 4096K, 74 young (303104K), 9 survivors (36864K)
 Metaspace       used 83634K, committed 84800K, reserved 1179648K
  class space    used 8986K, committed 9536K, reserved 1048576K
}
Event: 33.278 GC heap after
{Heap after GC invocations=64 (full 0):
 garbage-first heap   total 962560K, used 637817K [0x0000000605c00000, 0x0000000800000000)
  region size 4096K, 9 young (36864K), 9 survivors (36864K)
 Metaspace       used 83634K, committed 84800K, reserved 1179648K
  class space    used 8986K, committed 9536K, reserved 1048576K
}
Event: 34.346 GC heap before
{Heap before GC invocations=65 (full 0):
 garbage-first heap   total 1204224K, used 859001K [0x0000000605c00000, 0x0000000800000000)
  region size 4096K, 63 young (258048K), 9 survivors (36864K)
 Metaspace       used 83650K, committed 84800K, reserved 1179648K
  class space    used 8987K, committed 9536K, reserved 1048576K
}
Event: 34.368 GC heap after
{Heap after GC invocations=66 (full 0):
 garbage-first heap   total 1204224K, used 672066K [0x0000000605c00000, 0x0000000800000000)
  region size 4096K, 8 young (32768K), 8 survivors (32768K)
 Metaspace       used 83650K, committed 84800K, reserved 1179648K
  class space    used 8987K, committed 9536K, reserved 1048576K
}
Event: 35.480 GC heap before
{Heap before GC invocations=66 (full 0):
 garbage-first heap   total 1204224K, used 1077570K [0x0000000605c00000, 0x0000000800000000)
  region size 4096K, 107 young (438272K), 8 survivors (32768K)
 Metaspace       used 83654K, committed 84864K, reserved 1179648K
  class space    used 8987K, committed 9536K, reserved 1048576K
}
Event: 35.512 GC heap after
{Heap after GC invocations=67 (full 0):
 garbage-first heap   total 1445888K, used 733537K [0x0000000605c00000, 0x0000000800000000)
  region size 4096K, 14 young (57344K), 14 survivors (57344K)
 Metaspace       used 83654K, committed 84864K, reserved 1179648K
  class space    used 8987K, committed 9536K, reserved 1048576K
}
Event: 36.253 GC heap before
{Heap before GC invocations=67 (full 0):
 garbage-first heap   total 1445888K, used 1200481K [0x0000000605c00000, 0x0000000800000000)
  region size 4096K, 128 young (524288K), 14 survivors (57344K)
 Metaspace       used 83672K, committed 84864K, reserved 1179648K
  class space    used 8989K, committed 9536K, reserved 1048576K
}
Event: 36.294 GC heap after
{Heap after GC invocations=68 (full 0):
 garbage-first heap   total 1445888K, used 814941K [0x0000000605c00000, 0x0000000800000000)
  region size 4096K, 16 young (65536K), 16 survivors (65536K)
 Metaspace       used 83672K, committed 84864K, reserved 1179648K
  class space    used 8989K, committed 9536K, reserved 1048576K
}
Event: 38.026 GC heap before
{Heap before GC invocations=68 (full 0):
 garbage-first heap   total 1445888K, used 1245021K [0x0000000605c00000, 0x0000000800000000)
  region size 4096K, 121 young (495616K), 16 survivors (65536K)
 Metaspace       used 83741K, committed 84928K, reserved 1179648K
  class space    used 8994K, committed 9536K, reserved 1048576K
}
Event: 38.070 GC heap after
{Heap after GC invocations=69 (full 0):
 garbage-first heap   total 1445888K, used 896861K [0x0000000605c00000, 0x0000000800000000)
  region size 4096K, 16 young (65536K), 16 survivors (65536K)
 Metaspace       used 83741K, committed 84928K, reserved 1179648K
  class space    used 8994K, committed 9536K, reserved 1048576K
}

