# JRE version: Java(TM) SE Runtime Environment (21.0.9+7) (build 21.0.9+7-LTS-338)
# Java VM: Java HotSpot(TM) 64-Bit Server VM (21.0.9+7-LTS-338, mixed mode, sharing, tiered, compressed oops, compressed class ptrs, g1 gc, windows-amd64)
GC Precious Log:
 CardTable entry size: 512
 Card Set container configuration: InlinePtr #cards 4 size 8 Array Of Cards #cards 32 size 80 Howl #buckets 8 coarsen threshold 7372 Howl Bitmap #cards 1024 size 144 coarsen threshold 921 Card regions per heap region 1 cards per card region 8192
 CPUs: 16 total, 16 available
 Memory: 32388M
 Large Page Support: Disabled
 NUMA Support: Disabled
 Compressed Oops: Enabled (Zero based)
 Heap Region Size: 4M
 Heap Min Capacity: 8M
 Heap Initial Capacity: 508M
 Heap Max Capacity: 8100M
 Pre-touch: Disabled
 Parallel Workers: 13
 Concurrent Workers: 3
 Concurrent Refinement Workers: 13
 Periodic GC: Disabled
Heap:
 garbage-first heap   total 1372160K, used 861167K [0x0000000605c00000, 0x0000000800000000)
  region size 4096K, 40 young (163840K), 6 survivors (24576K)
 Metaspace       used 84297K, committed 85568K, reserved 1179648K
  class space    used 8894K, committed 9664K, reserved 1048576K
GC Heap History (20 events):
Event: 30.319 GC heap before
{Heap before GC invocations=51 (full 0):
 garbage-first heap   total 876544K, used 783475K [0x0000000605c00000, 0x0000000800000000)
  region size 4096K, 73 young (299008K), 9 survivors (36864K)
 Metaspace       used 82578K, committed 83712K, reserved 1179648K
  class space    used 8931K, committed 9472K, reserved 1048576K
}
Event: 30.334 GC heap after
{Heap after GC invocations=52 (full 0):
 garbage-first heap   total 876544K, used 554916K [0x0000000605c00000, 0x0000000800000000)
  region size 4096K, 8 young (32768K), 8 survivors (32768K)
 Metaspace       used 82578K, committed 83712K, reserved 1179648K
  class space    used 8931K, committed 9472K, reserved 1048576K
}
Event: 31.378 GC heap before
{Heap before GC invocations=53 (full 0):
 garbage-first heap   total 1044480K, used 784292K [0x0000000605c00000, 0x0000000800000000)
  region size 4096K, 64 young (262144K), 8 survivors (32768K)
 Metaspace       used 82771K, committed 83968K, reserved 1179648K
  class space    used 8942K, committed 9536K, reserved 1048576K
}
Event: 31.394 GC heap after
{Heap after GC invocations=54 (full 0):
 garbage-first heap   total 1044480K, used 583698K [0x0000000605c00000, 0x0000000800000000)
  region size 4096K, 7 young (28672K), 7 survivors (28672K)
 Metaspace       used 82771K, committed 83968K, reserved 1179648K
  class space    used 8942K, committed 9536K, reserved 1048576K
}
Event: 15422.623 GC heap before
{Heap before GC invocations=54 (full 0):
 garbage-first heap   total 1044480K, used 923666K [0x0000000605c00000, 0x0000000800000000)
  region size 4096K, 91 young (372736K), 7 survivors (28672K)
 Metaspace       used 83545K, committed 84736K, reserved 1179648K
  class space    used 9027K, committed 9600K, reserved 1048576K
}
Event: 15422.697 GC heap after
{Heap after GC invocations=55 (full 0):
 garbage-first heap   total 1044480K, used 618334K [0x0000000605c00000, 0x0000000800000000)
  region size 4096K, 11 young (45056K), 11 survivors (45056K)
 Metaspace       used 83545K, committed 84736K, reserved 1179648K
  class space    used 9027K, committed 9600K, reserved 1048576K
}
Event: 15698.583 GC heap before
{Heap before GC invocations=55 (full 0):
 garbage-first heap   total 1044480K, used 937822K [0x0000000605c00000, 0x0000000800000000)
  region size 4096K, 89 young (364544K), 11 survivors (45056K)
 Metaspace       used 83993K, committed 85184K, reserved 1179648K
  class space    used 9045K, committed 9600K, reserved 1048576K
}
Event: 15698.606 GC heap after
{Heap after GC invocations=56 (full 0):
 garbage-first heap   total 1044480K, used 641514K [0x0000000605c00000, 0x0000000800000000)
  region size 4096K, 9 young (36864K), 9 survivors (36864K)
 Metaspace       used 83993K, committed 85184K, reserved 1179648K
  class space    used 9045K, committed 9600K, reserved 1048576K
}
Event: 15826.289 GC heap before
{Heap before GC invocations=57 (full 0):
 garbage-first heap   total 1204224K, used 936426K [0x0000000605c00000, 0x0000000800000000)
  region size 4096K, 81 young (331776K), 9 survivors (36864K)
 Metaspace       used 83159K, committed 85184K, reserved 1179648K
  class space    used 8837K, committed 9600K, reserved 1048576K
}
Event: 15826.307 GC heap after
{Heap after GC invocations=58 (full 0):
 garbage-first heap   total 1204224K, used 658057K [0x0000000605c00000, 0x0000000800000000)
  region size 4096K, 8 young (32768K), 8 survivors (32768K)
 Metaspace       used 83159K, committed 85184K, reserved 1179648K
  class space    used 8837K, committed 9600K, reserved 1048576K
}
Event: 16812.898 GC heap before
{Heap before GC invocations=58 (full 0):
 garbage-first heap   total 1204224K, used 1084041K [0x0000000605c00000, 0x0000000800000000)
  region size 4096K, 112 young (458752K), 8 survivors (32768K)
 Metaspace       used 83460K, committed 85184K, reserved 1179648K
  class space    used 8842K, committed 9600K, reserved 1048576K
}
Event: 16812.919 GC heap after
{Heap after GC invocations=59 (full 0):
 garbage-first heap   total 1204224K, used 670955K [0x0000000605c00000, 0x0000000800000000)
  region size 4096K, 13 young (53248K), 13 survivors (53248K)
 Metaspace       used 83460K, committed 85184K, reserved 1179648K
  class space    used 8842K, committed 9600K, reserved 1048576K
}
Event: 18445.174 GC heap before
{Heap before GC invocations=59 (full 0):
 garbage-first heap   total 1204224K, used 1080555K [0x0000000605c00000, 0x0000000800000000)
  region size 4096K, 113 young (462848K), 13 survivors (53248K)
 Metaspace       used 83580K, committed 85184K, reserved 1179648K
  class space    used 8843K, committed 9600K, reserved 1048576K
}
Event: 18445.198 GC heap after
{Heap after GC invocations=60 (full 0):
 garbage-first heap   total 1204224K, used 694400K [0x0000000605c00000, 0x0000000800000000)
  region size 4096K, 9 young (36864K), 9 survivors (36864K)
 Metaspace       used 83580K, committed 85184K, reserved 1179648K
  class space    used 8843K, committed 9600K, reserved 1048576K
}
Event: 19522.571 GC heap before
{Heap before GC invocations=61 (full 0):
 garbage-first heap   total 1204224K, used 1099904K [0x0000000605c00000, 0x0000000800000000)
  region size 4096K, 108 young (442368K), 9 survivors (36864K)
 Metaspace       used 83744K, committed 85248K, reserved 1179648K
  class space    used 8844K, committed 9600K, reserved 1048576K
}
Event: 19522.590 GC heap after
{Heap after GC invocations=62 (full 0):
 garbage-first heap   total 1204224K, used 712778K [0x0000000605c00000, 0x0000000800000000)
  region size 4096K, 8 young (32768K), 8 survivors (32768K)
 Metaspace       used 83744K, committed 85248K, reserved 1179648K
  class space    used 8844K, committed 9600K, reserved 1048576K
}
Event: 24114.664 GC heap before
{Heap before GC invocations=62 (full 0):
 garbage-first heap   total 1204224K, used 1097802K [0x0000000605c00000, 0x0000000800000000)
  region size 4096K, 103 young (421888K), 8 survivors (32768K)
 Metaspace       used 84192K, committed 85504K, reserved 1179648K
  class space    used 8894K, committed 9664K, reserved 1048576K
}
Event: 24114.710 GC heap after
{Heap after GC invocations=63 (full 0):
 garbage-first heap   total 1204224K, used 708631K [0x0000000605c00000, 0x0000000800000000)
  region size 4096K, 12 young (49152K), 12 survivors (49152K)
 Metaspace       used 84192K, committed 85504K, reserved 1179648K
  class space    used 8894K, committed 9664K, reserved 1048576K
}
Event: 24215.945 GC heap before
{Heap before GC invocations=63 (full 0):
 garbage-first heap   total 1204224K, used 1085463K [0x0000000605c00000, 0x0000000800000000)
  region size 4096K, 104 young (425984K), 12 survivors (49152K)
 Metaspace       used 84286K, committed 85568K, reserved 1179648K
  class space    used 8895K, committed 9664K, reserved 1048576K
}
Event: 24215.969 GC heap after
{Heap after GC invocations=64 (full 0):
 garbage-first heap   total 1204224K, used 725999K [0x0000000605c00000, 0x0000000800000000)
  region size 4096K, 6 young (24576K), 6 survivors (24576K)
 Metaspace       used 84286K, committed 85568K, reserved 1179648K
  class space    used 8895K, committed 9664K, reserved 1048576K
}

